Charlie1 2781
Charlie1a 1517
Charlie1b 528
HAL1 2512
HAL1b 2037
HERVE 7813
HERVE_a 7847
HERVL18 6047
L1HS_5end 2136
L1M1_5end 3740
L1M1_orf2 3395
L1M2_5end 2914
L1M2a_5end 2259
L1M2b_5end 2035
L1M2c_5end 2343
L1M2_orf2 3458
L1M3b_5end 1772
L1M3c_5end 1652
L1M3d_5end 1439
L1M3de_5end 2192
L1M3e_5end 2122
L1M3_orf2 3421
L1M4_5end 1747
L1M4b_5end 3714
L1M4c_5end 2561
L1M4_orf2 3354
L1M5_orf2 3417
L1M6_5end 2535
L1M7_5end 2269
L1MA10_3end 1094
L1MA1_3end 1095
L1MA2_3end 1076
L1MA3_3end 1121
L1MA4_3end 1082
L1MA4A_3end 1050
L1MA5_3end 1077
L1MA5A_3end 1063
L1MA6_3end 1076
L1MA7_3end 1088
L1MA8_3end 1066
L1MA9_3end 1075
L1MB1_3end 942
L1MB2_3end 940
L1MB3_3end 949
L1MB4_3end 969
L1MB4_5end 1811
L1MB5_3end 931
L1MB7_3end 950
L1MB8_3end 939
L1MC1_3end 1087
L1MC2_3end 1097
L1MC3_3end 2545
L1MC4_3end 2803
L1MC4_5end 2567
L1MC4a_3end 2647
L1MC5_3end 1378
L1MCa_5end 2445
L1MCc_5end 1548
L1MC_orf2 3525
L1MD2_5end 1085
L1MD3_3end 2766
L1MDa_5end 2665
L1MD_orf2 3340
L1ME1_3end 938
L1ME2_3end 929
L1ME2z_3end 1191
L1ME3_3end 917
L1ME3A_3end 924
L1ME3B_3end 1014
L1ME3C_3end 875
L1ME3D_3end 996
L1ME3E_3end 994
L1ME3F_3end 1019
L1ME4a_3end 920
L1ME5_3end 947
L1MEa_5end 1103
L1MEb_5end 1111
L1MEc_5end 2549
L1MEd_5end 1269
L1MEe_5end 1183
L1MEf_5end 2331
L1MEg2_5end 1000
L1MEg_5end 2127
L1P1_5end 2259
L1P1_orf2 3294
L1P3_orf2 3306
L1P4_orf2 3296
L1PA10_5end 2448
L1PA12_3end 926
L1PA12_5end 3090
L1PA13_3end 910
L1PA13_5end 2882
L1PA3_3end 903
L1PA4_3end 902
L1PREC2_orf2 3309
L4 2058
LOR1a 508
LOR1b 461
LTR1 802
LTR10C 605
LTR10E 647
LTR12C 1587
LTR1B 831
LTR24 478
LTR28 1034
LTR48 798
LTR48B 653
LTR49-int 6331
LTR55 557
LTR8 736
LTR8A 744
MER115 712
MER117 211
MER11A 1266
MER1B 365
MER21A 969
MER21B 888
MER21C 948
MER41A 554
MER41B 700
MER44A 342
MER44B 584
MER44D 726
MER45C 970
MER45R 1581
MER4B-int 6786
MER4-int 6727
MER51A 655
MER52A 1819
MER52C 1310
MER52D 2123
MER57A1 448
MER66D 484
MER77 624
MER77B 719
MER81 128
MLT1F 556
MLT1F1 577
MLT1G 607
MLT1G1 583
MLT1G3 607
MLT1H 549
MLT1H1 561
MLT1H2 489
MLT2A2 455
MLT2B1 576
MLT2B2 521
MLT2B3 598
MLT2B4 604
MLT2B5 723
MLT2C1 397
MLT2C2 475
MLT2D 432
MSTA 438
MSTB 429
MSTB2 463
MST-int 1727
PABL_A-int 5034
PRIMA4-int 8270
SVA_C 1384
SVA_D 1390
THE1A 355
THE1B 409
THE1C 419
THE1D 395
THE1-int 1787
Tigger2 2880
Tigger2a 448
Tigger2b_Pri 1068
Tigger3 3061
Tigger3a 394
Tigger3b 1410
Tigger3c 654
Tigger3d 321
Tigger7 2529
Zaphod 4031
